"../../../Engine/Content/EditorResources/S_Actor.uasset" 0
"../../../Engine/Content/EngineResources/AICON-Red.uasset" 1
"../../../Engine/Content/EngineResources/AICON-Green.uasset" 2
"../../../Engine/Content/EngineFonts/Roboto.uasset" 3
"../../../Engine/Content/Functions/Engine_MaterialFunctions01/Shading/PowerToRoughness.uasset" 4
"../../../Engine/Content/Functions/Engine_MaterialFunctions01/Shading/ConvertFromDiffSpec.uasset" 5
"../../../Engine/Content/EngineMaterials/DefaultDiffuse.uasset" 6
"../../../Engine/Content/EngineMaterials/DefaultDeferredDecalMaterial.uasset" 7
"../../../Engine/Content/EngineMaterials/DefaultLightFunctionMaterial.uasset" 8
"../../../Engine/Content/Functions/Engine_MaterialFunctions02/Utility/BreakOutFloat2Components.uasset" 9
"../../../Engine/Content/EngineMaterials/DefaultPostProcessMaterial.uasset" 10
"../../../Engine/Content/EngineResources/DefaultTexture.uasset" 11
"../../../Engine/Content/Functions/Engine_MaterialFunctions01/Texturing/ScaleUVsByCenter.uasset" 12
"../../../Engine/Content/Functions/Engine_MaterialFunctions02/ScreenResolution.uasset" 13
"../../../Engine/Content/Functions/Engine_MaterialFunctions02/Texturing/ScreenAlignedUVs.uasset" 14
"../../../Engine/Content/EngineResources/WhiteSquareTexture.uasset" 15
"../../../Engine/Content/EngineMaterials/Widget3DPassThrough.uasset" 16
"../../../Engine/Content/EngineMaterials/Widget3DPassThrough_Translucent.uasset" 17
"../../../Engine/Content/EngineMaterials/Widget3DPassThrough_Translucent_OneSided.uasset" 18
"../../../Engine/Content/EngineMaterials/Widget3DPassThrough_Opaque.uasset" 19
"../../../Engine/Content/EngineMaterials/Widget3DPassThrough_Opaque_OneSided.uasset" 20
"../../../Engine/Content/EngineMaterials/Widget3DPassThrough_Masked.uasset" 21
"../../../Engine/Content/EngineMaterials/Widget3DPassThrough_Masked_OneSided.uasset" 22
"../../../Engine/Content/Maps/Templates/Thumbnails/Default.uasset" 23
"../../../Engine/Content/Maps/Templates/Thumbnails/VR-Basic.uasset" 24
"../../../Engine/Content/EditorMaterials/ParticleSystems/PSysThumbnail_NoImage.uasset" 25
"../../../Engine/Content/EditorMaterials/ParticleSystems/PSysThumbnail_OOD.uasset" 26
"../../../Engine/Content/EditorLandscapeResources/DataLayer.uasset" 27
"../../../Engine/Content/EngineDamageTypes/DmgTypeBP_Environmental.uasset" 28
"../../../Engine/Content/EngineMeshes/Sphere.uasset" 29
"../../../Engine/Content/EngineFonts/RobotoDistanceField.uasset" 30
"../../../Engine/Content/EngineMaterials/DefaultTextMaterialOpaque.uasset" 31
"../../../Engine/Content/EditorResources/S_Trigger.uasset" 32
"../../../Engine/Content/EngineResources/GradientTexture0.uasset" 33
"../../../Engine/Content/EngineResources/Black.uasset" 34
"../../../Engine/Content/EditorMaterials/MatineeGroups/MAT_Groups_Float.uasset" 35
"../../../Engine/Content/EditorMaterials/MatineeGroups/MAT_Groups_Director.uasset" 36
"../../../Engine/Content/EditorMaterials/MatineeGroups/MAT_Groups_Event.uasset" 37
"../../../Engine/Content/EditorMaterials/MatineeGroups/MAT_Groups_Anim.uasset" 38
"../../../Engine/Content/EditorMaterials/MatineeGroups/MAT_Groups_Fade.uasset" 39
"../../../Engine/Content/EditorMaterials/MatineeGroups/MAT_Groups_Move.uasset" 40
"../../../Engine/Content/EditorMaterials/MatineeGroups/MAT_Groups_Slomo.uasset" 41
"../../../Engine/Content/EditorMaterials/MatineeGroups/MAT_ColorTrack.uasset" 42
"../../../Engine/Content/EditorMaterials/MAT_Groups_Toggle.uasset" 43
"../../../Engine/Content/EditorMaterials/MatineeGroups/MAT_Groups_AudioMaster.uasset" 44
"../../../Engine/Content/EditorMaterials/MatineeGroups/MAT_Groups_Sound.uasset" 45
"../../../Engine/Content/EditorMaterials/MatineeGroups/MAT_Groups_Vector.uasset" 46
"../../../Engine/Content/EditorMaterials/MAT_Groups_Visibility.uasset" 47
"../../../Engine/Content/EngineResources/DefaultTextureCube.uasset" 48
"../../../Engine/Content/Functions/Engine_MaterialFunctions01/Opacity/CameraDepthFade.uasset" 49
"../../../Engine/Content/EngineMaterials/T_Default_Material_Grid_M.uasset" 50
"../../../Engine/Content/EngineMaterials/T_Default_Material_Grid_N.uasset" 51
"../../../Engine/Content/EngineMaterials/DefaultMaterial.uasset" 52
"../../../Engine/Content/EngineMeshes/Cylinder.uasset" 53
"../../../Engine/Content/EngineTireTypes/DefaultTireType.uasset" 54
"../../../Engine/Content/EditorMaterials/Camera/CineMat.uasset" 55
"../../../Engine/Content/EditorMaterials/Camera/MI_CineMat_Rig.uasset" 56
"../../../Engine/Content/EditorMeshes/Camera/SM_CraneRig_Base.uasset" 57
"../../../Engine/Content/EditorMeshes/Camera/SM_CraneRig_Arm.uasset" 58
"../../../Engine/Content/EditorMeshes/Camera/SM_CraneRig_Mount.uasset" 59
"../../../Engine/Content/EditorMeshes/Camera/SM_CraneRig_Body.uasset" 60
"../../../Engine/Content/EditorMeshes/Camera/SM_RailRig_Track.uasset" 61
"../../../Engine/Content/EditorMeshes/Camera/SM_RailRig_Mount.uasset" 62
"../../../Engine/Content/VREditor/LaserPointer/VR_LaserPower_01.uasset" 63
"../../../Engine/Content/VREditor/TransformGizmo/TransformGizmoMaterial.uasset" 64
"../../../Engine/Content/VREditor/TransformGizmo/TranslucentTransformGizmoMaterial.uasset" 65
"../../../Engine/Content/VREditor/TransformGizmo/TranslationHandle.uasset" 66
"../../../Engine/Content/VREditor/TransformGizmo/PlaneTranslationHandle.uasset" 67
"../../../Engine/Content/VREditor/TransformGizmo/RotationHandle.uasset" 68
"../../../Engine/Content/VREditor/TransformGizmo/StretchingHandle.uasset" 69
"../../../Engine/Content/VREditor/TransformGizmo/BoundingBoxCorner.uasset" 70
"../../../Engine/Content/VREditor/TransformGizmo/BoundingBoxEdge.uasset" 71
"../../../Engine/Content/VREditor/TransformGizmo/UniformScaleHandle.uasset" 72
"../../../Engine/Content/VREditor/FloatingText/LineMaterial.uasset" 73
"../../../Engine/Content/VREditor/FloatingText/LineSegmentCylinder.uasset" 74
"../../../Engine/Content/VREditor/FloatingText/JointSphere.uasset" 75
"../../../Engine/Content/VREditor/Fonts/VRText_RobotoLarge.uasset" 76
"../../../Engine/Content/VREditor/Fonts/VRTextMaterial.uasset" 77
"../../../Engine/Content/VREditor/Fonts/TranslucentVRTextMaterial.uasset" 78
"../../../Engine/Content/VREditor/UI/SelectionBarMesh.uasset" 79
"../../../Engine/Content/VREditor/UI/CloseButtonMesh.uasset" 80
"../../../Engine/Content/Tutorial/ContentIntroCurve.uasset" 81
"../../../Engine/Plugins/2D/Paper2D/Content/PlaceholderTextures/DummySpriteTexture.uasset" 82
"../../../Engine/Plugins/2D/Paper2D/Content/DefaultSpriteMaterial.uasset" 83
"../../../Engine/Plugins/2D/Paper2D/Content/MaskedUnlitSpriteMaterial.uasset" 84
"../../../Engine/Plugins/2D/Paper2D/Content/OpaqueUnlitSpriteMaterial.uasset" 85
"../../../Engine/Plugins/2D/Paper2D/Content/DummySprite.uasset" 86
"../../../Engine/Plugins/2D/Paper2D/Content/DefaultPaperTerrainMaterial.uasset" 87
"../../../Engine/Content/EngineMaterials/RemoveSurfaceMaterial.uasset" 88
"../../../Engine/Content/EngineDebugMaterials/DebugMeshMaterial.uasset" 89
"../../../Engine/Content/EngineMaterials/InvalidLightmapSettings.uasset" 90
"../../../Engine/Content/EngineMaterials/M_InvalidLightmapSettings.uasset" 91
"../../../Engine/Content/EditorMaterials/GizmoMaterial.uasset" 92
"../../../Engine/Content/EngineMaterials/Good64x64TilingNoiseHighFreq.uasset" 93
"../../../Engine/Content/EngineMaterials/DefaultBokeh.uasset" 94
"../../../Engine/Content/EngineMaterials/PreintegratedSkinBRDF.uasset" 95
"../../../Engine/Content/EngineMaterials/MiniFont.uasset" 96
"../../../Engine/Content/EngineMaterials/WeightMapPlaceholderTexture.uasset" 97
"../../../Engine/Content/EngineMaterials/DefaultWhiteGrid.uasset" 98
"../../../Engine/Content/EngineMaterials/DefaultPhysicalMaterial.uasset" 99
"../../../Engine/Content/EngineFonts/RobotoTiny.uasset" 100
"../../../Engine/Content/EditorSounds/Notifications/CompileSuccess.uasset" 101
"../../../Engine/Content/EditorSounds/Notifications/CompileStart_Cue.uasset" 102
"../../../Engine/Content/EditorSounds/Notifications/CompileSuccess_Cue.uasset" 103
"../../../Engine/Content/EditorSounds/Notifications/CompileFailed.uasset" 104
"../../../Engine/Content/EditorSounds/Notifications/CompileFailed_Cue.uasset" 105
"../../../MobileTest/Content/Menus/LevelSelect/LevelOne.uasset" 106
"../../../MobileTest/Content/Enemies/LaserEnemy/BeamPulse.uasset" 107
"../../../MobileTest/Content/Enemies/LaserEnemy/BlueLaserMat.uasset" 108
"../../../MobileTest/Content/Enemies/Behavior/EnemyEnum.uasset" 109
"../../../MobileTest/Content/Enemies/Behavior/EnemyData.uasset" 110
"../../../Engine/Content/EditorBlueprintResources/StandardMacros.uasset" 111
"../../../MobileTest/Content/Levels/Floors/Textures/TileFloor_D.uasset" 112
"../../../MobileTest/Content/Levels/Floors/Textures/TileFloor_E.uasset" 113
"../../../MobileTest/Content/Enemies/RedEnemy/RedEnemyMat.uasset" 114
"../../../Engine/Content/EngineMaterials/WorldGridMaterial.uasset" 115
"../../../Engine/Content/BasicShapes/Cube.uasset" 116
"../../../MobileTest/Content/Levels/Floors/DynamicFloor/SlipperyFloor.uasset" 117
"../../../MobileTest/Content/Enemies/EnemyParent.uasset" 118
"../../../MobileTest/Content/Enemies/RedEnemy/RedEnemy.uasset" 119
"../../../MobileTest/Content/Enemies/Behavior/BTS_AgroCheck.uasset" 120
"../../../MobileTest/Content/Enemies/Behavior/BTT_PatrolLocation.uasset" 121
"../../../MobileTest/Content/Enemies/Behavior/BTT_RapidMoveTo.uasset" 122
"../../../MobileTest/Content/Enemies/Behavior/BTT_RapidMoveToLast.uasset" 123
"../../../MobileTest/Content/Player/LevelSaveGame.uasset" 124
"../../../MobileTest/Content/Levels/Floors/Textures/TileFloor_N.uasset" 125
"../../../MobileTest/Content/Enemies/LaserEnemy/LaserEnemy_Mat.uasset" 126
"../../../MobileTest/Content/Enemies/WallLaser/WallLaser_D.uasset" 127
"../../../MobileTest/Content/Enemies/WallLaser/WallLaser_M.uasset" 128
"../../../MobileTest/Content/Enemies/WallLaser/WallLaserHex_M.uasset" 129
"../../../MobileTest/Content/Enemies/WallLaser/WallLaser_Mat.uasset" 130
"../../../MobileTest/Content/Enemies/LaserEnemy/WallLaser_Mat_Blue.uasset" 131
"../../../MobileTest/Content/Enemies/LaserEnemy/BaseBeam.uasset" 132
"../../../MobileTest/Content/Enemies/LaserEnemy/LaserBeam.uasset" 133
"../../../MobileTest/Content/Enemies/LaserEnemy/Laser.uasset" 134
"../../../MobileTest/Content/Enemies/WallLaser/WallLaserHex.uasset" 135
"../../../MobileTest/Content/Enemies/LaserEnemy/LaserEnemy.uasset" 136
"../../../MobileTest/Content/Enemies/OrangeEnemy/OrangeController.uasset" 137
"../../../MobileTest/Content/Enemies/OrangeEnemy/OrangeEnemy_Mat.uasset" 138
"../../../MobileTest/Content/Enemies/OrangeEnemy/WallLaser_Mat_Orange.uasset" 139
"../../../MobileTest/Content/Enemies/OrangeEnemy/OrangeEnemy.uasset" 140
"../../../MobileTest/Content/Enemies/OrangeEnemy/BTS_AgroCheckOrange.uasset" 141
"../../../MobileTest/Content/Enemies/OrangeEnemy/BTS_SetRot_Orange.uasset" 142
"../../../MobileTest/Content/Enemies/OrangeEnemy/BTT_PatrolLocationOrange.uasset" 143
"../../../MobileTest/Content/Enemies/OrangeEnemy/BTT_RapidMoveToOrange.uasset" 144
"../../../MobileTest/Content/Levels/Floors/Materials/TileFloor_Yellow.uasset" 145
"../../../MobileTest/Content/Levels/Floors/Materials/TileFloor_Yellow_Inst.uasset" 146
"../../../MobileTest/Content/Enemies/FastEnemy/FastEnemy.uasset" 147
"../../../MobileTest/Content/Enemies/LaserEnemy/EnemyDestroyed.uasset" 148
"../../../MobileTest/Content/Enemies/EnemyDestroyed/EnemyDestroyed.uasset" 149
"../../../MobileTest/Content/Player/Contrail.uasset" 150
"../../../MobileTest/Content/Enemies/LaserEnemy/BlueLaser.uasset" 151
"../../../MobileTest/Content/Enemies/LaserEnemy/PingAttenuation.uasset" 152
"../../../MobileTest/Content/Enemies/LaserEnemy/EnemyExplosion.uasset" 153
"../../../MobileTest/Content/Enemies/LaserEnemy/LaserMat.uasset" 154
"../../../MobileTest/Content/Enemies/LaserEnemy/LaserImpact.uasset" 155
"../../../MobileTest/Content/Enemies/LaserParent.uasset" 156
"../../../MobileTest/Content/Enemies/OrangeEnemy/OrangeLaser.uasset" 157
"../../../MobileTest/Content/Enemies/OrangeEnemy/LaserProjectOrange.uasset" 158
"../../../MobileTest/Content/Enemies/LaserEnemy/LaserSound.uasset" 159
"../../../MobileTest/Content/Enemies/OrangeEnemy/BTTask_FireLaserOrange.uasset" 160
"../../../MobileTest/Content/Enemies/OrangeEnemy/OrangeCharge.uasset" 161
"../../../MobileTest/Content/Enemies/OrangeEnemy/GlowChargeOrange.uasset" 162
"../../../MobileTest/Content/Enemies/LaserEnemy/LaserFinish.uasset" 163
"../../../MobileTest/Content/Enemies/OrangeEnemy/PingFire.uasset" 164
"../../../MobileTest/Content/Enemies/Behavior/FindSearchSpot.uasset" 165
"../../../MobileTest/Content/Enemies/OrangeEnemy/OrangeEnemyBehavior.uasset" 166
"../../../MobileTest/Content/Enemies/FastEnemy/FastEnemySpawn.uasset" 167
"../../../MobileTest/Content/Enemies/LaserEnemy/LaserSpawn.uasset" 168
"../../../MobileTest/Content/Enemies/OrangeEnemy/OrangeSpawn.uasset" 169
"../../../Engine/Content/BasicShapes/BasicShapeMaterial.uasset" 170
"../../../MobileTest/Content/Enemies/Spawnpoint.uasset" 171
"../../../MobileTest/Content/Graphics/GraphicsEnum.uasset" 172
"../../../MobileTest/Content/Graphics/GraphicsSave.uasset" 173
"../../../MobileTest/Content/Geometry/Materials/Black.uasset" 174
"../../../MobileTest/Content/Levels/Goal/GoalField_Mat.uasset" 175
"../../../MobileTest/Content/Levels/Floors/Materials/RoomColor.uasset" 176
"../../../MobileTest/Content/Levels/Goal/GoalField.uasset" 177
"../../../MobileTest/Content/Levels/Goal/GoalFieldParticle.uasset" 178
"../../../MobileTest/Content/Levels/Goal/FinishField_B.uasset" 179
"../../../MobileTest/Content/Levels/Miscellaneous/TurnBlue.uasset" 180
"../../../MobileTest/Content/Player/CameraManager.uasset" 181
"../../../MobileTest/Content/Player/CubeController.uasset" 182
"../../../MobileTest/Content/Player/KillYouVolume.uasset" 183
"../../../MobileTest/Content/Player/PlayerLaser.uasset" 184
"../../../MobileTest/Content/Enemies/Spawners/SpawnFlashMat.uasset" 185
"../../../MobileTest/Content/Levels/Floors/Materials/TileFloor_Purple.uasset" 186
"../../../MobileTest/Content/Levels/Floors/Materials/TileFloor_Maroon.uasset" 187
"../../../MobileTest/Content/Enemies/Spawners/EnemySpawnVessel.uasset" 188
"../../../MobileTest/Content/Enemies/Spawners/EnemySpawnVessel_B.uasset" 189
"../../../MobileTest/Content/Levels/Miscellaneous/DropPlatform.uasset" 190
"../../../MobileTest/Content/Levels/Miscellaneous/DropPlatform_B.uasset" 191
"../../../MobileTest/Content/Enemies/LaserEnemy/Ping.uasset" 192
"../../../MobileTest/Content/Player/Powerups/Laser/RadialGradient.uasset" 193
"../../../MobileTest/Content/Player/Powerups/Laser/LaserPowerMat.uasset" 194
"../../../MobileTest/Content/Player/Powerups/Laser/LaserPowerParticle.uasset" 195
"../../../MobileTest/Content/Player/Powerups/Laser/LaserPower.uasset" 196
"../../../MobileTest/Content/Player/ResetHelper.uasset" 197
"../../../MobileTest/Content/Levels/Floors/Materials/TileFloor_Green.uasset" 198
"../../../MobileTest/Content/Menus/LevelSelect/LevelOutlineBlue.uasset" 199
"../../../MobileTest/Content/Menus/LevelSelect/LevelOutlineRed.uasset" 200
"../../../MobileTest/Content/Menus/LevelSelect/LevelSelect1120.uasset" 201
"../../../MobileTest/Content/Menus/LevelSelect/LevelSelect.uasset" 202
"../../../MobileTest/Content/Menus/MainMenu/MainMenuBack.uasset" 203
"../../../MobileTest/Content/Menus/ResButton.uasset" 204
"../../../MobileTest/Content/Menus/Graphics.uasset" 205
"../../../MobileTest/Content/Levels/Floors/Materials/TileFloor_Blue.uasset" 206
"../../../MobileTest/Content/Menus/LevelSelect/LevelUnknown.uasset" 207
"../../../MobileTest/Content/Menus/LevelSelect/LevelUnknown_H.uasset" 208
"../../../MobileTest/Content/Menus/LevelSelect/LevelSelect11-20.uasset" 209
"../../../MobileTest/Content/Menus/LevelSelect/LevelSelectList.uasset" 210
"../../../MobileTest/Content/Menus/LevelSelect/LevelButton.uasset" 211
"../../../MobileTest/Content/Menus/MainMenu/MobileTest.uasset" 212
"../../../MobileTest/Content/Menus/MainMenu/PlayGame.uasset" 213
"../../../MobileTest/Content/Menus/MainMenu/PlayGame_H.uasset" 214
"../../../MobileTest/Content/Menus/MainMenu/QuitGame.uasset" 215
"../../../MobileTest/Content/Menus/MainMenu/QuitGame_H.uasset" 216
"../../../MobileTest/Content/Menus/MainMenu/MainMenu.uasset" 217
"../../../MobileTest/Content/Menus/Pause/MainMenu.uasset" 218
"../../../MobileTest/Content/Menus/Pause/MainMenu_H.uasset" 219
"../../../MobileTest/Content/Menus/Pause/Pause.uasset" 220
"../../../MobileTest/Content/Menus/Pause/Pause_H.uasset" 221
"../../../MobileTest/Content/Menus/Pause/Paused.uasset" 222
"../../../MobileTest/Content/Menus/WinMenu/SelectLevel.uasset" 223
"../../../MobileTest/Content/Menus/WinMenu/SelectLevel_H.uasset" 224
"../../../MobileTest/Content/Menus/Pause/PauseMenu.uasset" 225
"../../../MobileTest/Content/Player/Player.uasset" 226
"../../../MobileTest/Content/Enemies/Behavior/FindPlayer.uasset" 227
"../../../MobileTest/Content/Enemies/Behavior/EnemyBehavior.uasset" 228
"../../../MobileTest/Content/Enemies/Behavior/EnemyController.uasset" 229
"../../../MobileTest/Content/Enemies/Behavior/BTT_FoundLook.uasset" 230
"../../../MobileTest/Content/Enemies/LaserEnemy/BTS_AgroCheckLaser.uasset" 231
"../../../MobileTest/Content/Enemies/LaserEnemy/BTS_SetRot.uasset" 232
"../../../MobileTest/Content/Enemies/LaserEnemy/BTT_PatrolLocationLaser.uasset" 233
"../../../MobileTest/Content/Enemies/LaserEnemy/BTT_RapidMoveToLaser.uasset" 234
"../../../MobileTest/Content/Enemies/LaserEnemy/LaserProject.uasset" 235
"../../../MobileTest/Content/Enemies/LaserEnemy/BTTask_FireLaser.uasset" 236
"../../../MobileTest/Content/Enemies/LaserEnemy/GLow2.uasset" 237
"../../../MobileTest/Content/Enemies/LaserEnemy/GlowCharge.uasset" 238
"../../../MobileTest/Content/Enemies/LaserEnemy/LaserEnemyBehavior.uasset" 239
"../../../MobileTest/Content/Enemies/LaserEnemy/LaserController.uasset" 240
"../../../MobileTest/Content/Enemies/LaserEnemy/CloseEnoughLaser.uasset" 241
"../../../MobileTest/Content/Enemies/LaserEnemy/EnemyKilled.uasset" 242
"../../../MobileTest/Content/Enemies/LaserEnemy/LaserParticle.uasset" 243
"../../../MobileTest/Content/Enemies/LaserEnemy/GLow.uasset" 244
"../../../MobileTest/Content/Enemies/OrangeEnemy/CloseEnoughLaser.uasset" 245
"../../../MobileTest/Content/Enemies/OrangeEnemy/OrangeLaserMat.uasset" 246
"../../../Engine/Content/BasicShapes/Cylinder.uasset" 247
"../../../MobileTest/Content/Enemies/LaserEnemy/AttenuationSetting.uasset" 248
"../../../MobileTest/Content/Enemies/LaserEnemy/SoundsCrate-SciFi-Laser3.uasset" 249
"../../../MobileTest/Content/Enemies/OrangeEnemy/LaserProjectOrange2Backup.uasset" 250
"../../../MobileTest/Content/Music/AbraxasNew_2.uasset" 251
"../../../MobileTest/Content/Music/EventHorizon_2.uasset" 252
"../../../MobileTest/Content/Music/MarchInCMinor_Cue.uasset" 253
"../../../MobileTest/Content/Enemies/OrangeEnemy/SetPosition.uasset" 254
"../../../MobileTest/Content/Menus/LevelSelect/LevelSelect2.uasset" 255
"../../../MobileTest/Content/Levels/Floors/Materials/TileFloor_Blue_Inst2.uasset" 256
"../../../MobileTest/Content/Player/PostProcessParam.uasset" 257
"../../../MobileTest/Content/Player/PlayerDeathSound.uasset" 258
"../../../MobileTest/Content/Player/GreenLaser.uasset" 259
"../../../MobileTest/Content/Levels/Floors/Materials/TileFloor_WhiteBlue2.uasset" 260
"../../../MobileTest/Content/Enemies/WallLaser/LaserWallParticle.uasset" 261
"../../../MobileTest/Content/Enemies/WallLaser/WallLaserLaser2Backupo.uasset" 262
"../../../Engine/Content/MobileResources/HUD/MobileHUDButton3.uasset" 263
"../../../Engine/Content/MobileResources/HUD/VirtualJoystick_Background.uasset" 264
"../../../Engine/Content/MobileResources/HUD/VirtualJoystick_Thumb.uasset" 265
"../../../Engine/Content/MobileResources/HUD/LeftVirtualJoystickOnly.uasset" 266
"../../../Engine/Content/MobileResources/HUD/DefaultVirtualJoysticks.uasset" 267
"../../../Engine/Content/MobileResources/HUD/AnalogHat.uasset" 268
"../../../MobileTest/Content/Enemies/Behavior/EnemyContext.uasset" 269
"../../../MobileTest/Content/Enemies/Behavior/EnemyAvoidController.uasset" 270
"../../../MobileTest/Content/Enemies/Behavior/CloseEnough.uasset" 271
"../../../MobileTest/Content/Enemies/EnemyWaypoints.uasset" 272
"../../../MobileTest/Content/Enemies/Behavior/BTS_Agro.uasset" 273
"../../../MobileTest/Content/Enemies/Behavior/BTService_BlueprintBase_New.uasset" 274
"../../../MobileTest/Content/Blueprints/MainMenu_Mode.uasset" 275
"../../../MobileTest/Content/Blueprints/DestructibleBlock.uasset" 276
"../../../MobileTest/Content/Blueprints/DestructibleBlock_DM.uasset" 277
"../../../Engine/Content/MobileResources/HUD/T_Castle_ThumbstickOutter.uasset" 278
"../../../Engine/Content/MobileResources/HUD/MobileHUDButton2_off.uasset" 279
"../../../Engine/Content/MobileResources/T_MobileControls_texture.uasset" 280
"../../../Engine/Content/MobileResources/HUD/MobileHUDDirectionStick.uasset" 281
"../../../MobileTest/Content/Menus/LevelSelect/LevelOne_H.uasset" 282
"../../../Engine/Content/EditorResources/EmptyActor.uasset" 283
"../../../MobileTest/Content/Enemies/Spawners/SpawnFlash.uasset" 284
"../../../Engine/Content/MobileResources/HUD/T_Castle_ThumbstickInner.uasset" 285
"../../../Engine/Content/MobileResources/HUD/MobileHUDButton1_off.uasset" 286
"../../../MobileTest/Content/Enemies/WallLaser/LaserMat2.uasset" 287
"../../../Engine/Content/MobileResources/HUD/MobileHUDDirectionPad3.uasset" 288
"../../../Engine/Content/EditorResources/LightIcons/S_LightError.uasset" 289
"../../../Engine/Content/MobileResources/HUD/MobileHUDDirectionPad2.uasset" 290
"../../../MobileTest/Content/Menus/LevelSelect/LevelTwo.uasset" 291
"../../../MobileTest/Content/Menus/WinMenu/LevelFour.uasset" 292
"../../../MobileTest/Content/Menus/LevelSelect/LevelThree.uasset" 293
"../../../Engine/Content/MobileResources/HUD/MobileHUDButtonFire.uasset" 294
"../../../MobileTest/Content/Menus/LevelSelect/LevelTwo_H.uasset" 295
"../../../MobileTest/Content/Levels/Floors/Textures/Hexagon.uasset" 296
"../../../MobileTest/Content/Levels/Floors/Textures/Hexagon_Mat.uasset" 297
"../../../Engine/Content/MobileResources/HUD/MobileHUDDirectionPad.uasset" 298
"../../../MobileTest/Content/Menus/WinMenu/LevelFour_H.uasset" 299
"../../../Engine/Content/MobileResources/HUD/MobileHUDButton2_on.uasset" 300
"../../../Engine/Content/MobileResources/T_MobileMenu2.uasset" 301
"../../../MobileTest/Content/Menus/LevelSelect/LevelThree_H.uasset" 302
"../../../Engine/Content/MobileResources/HUD/MobileHUDButton1_on.uasset" 303
"../../../Engine/Content/BasicShapes/Cone.uasset" 304
"../../../Engine/Content/BasicShapes/Sphere.uasset" 305
"../../../Engine/Content/EditorMaterials/PhAT_JointLimitMaterial.uasset" 306
"../../../Engine/Content/EditorMaterials/PreviewShadowIndicator.uasset" 307
"../../../Engine/Content/EditorMaterials/PreviewShadowIndicatorMaterial.uasset" 308
"../../../Engine/Content/EditorMeshes/ColorCalibrator/M_ChromeBall.uasset" 309
"../../../Engine/Content/EditorMeshes/ColorCalibrator/M_ClearCoat.uasset" 310
"../../../Engine/Content/EditorMeshes/ColorCalibrator/M_ClearCoatBlack.uasset" 311
"../../../Engine/Content/EditorMeshes/ColorCalibrator/T_ColorGrid.uasset" 312
"../../../Engine/Content/EditorMeshes/ColorCalibrator/M_ColorGrid.uasset" 313
"../../../Engine/Content/EditorMeshes/ColorCalibrator/M_GreyBall.uasset" 314
"../../../Engine/Content/EditorMeshes/ColorCalibrator/SM_ColorCalibrator.uasset" 315
"../../../Engine/Content/EditorResources/BSPVertex.uasset" 316
"../../../Engine/Content/EngineDebugMaterials/HeatmapGradient.uasset" 317
"../../../Engine/Content/EngineDebugMaterials/BoneWeightMaterial.uasset" 318
"../../../Engine/Content/EngineDebugMaterials/GeomMaterial.uasset" 319
"../../../Engine/Content/EngineMaterials/EditorBrushMaterial.uasset" 320
"../../../Engine/Content/EngineMeshes/Cube.uasset" 321
"../../../Engine/Content/Tutorial/Basics/TutorialAssets/icon_tab_Levels_40x.uasset" 322
"../../../Engine/Content/Tutorial/BlueprintTutorials/TutorialAssets/BlueprintInterface_64x.uasset" 323
"../../../Engine/Content/Tutorial/BlueprintTutorials/TutorialAssets/BlueprintMacroLibrary_64x.uasset" 324
"../../../Engine/Content/Tutorial/BlueprintTutorials/TutorialAssets/Blueprint_64x.uasset" 325
"../../../Engine/Content/Tutorial/BlueprintTutorials/TutorialAssets/Tutorial_BP_Interface.uasset" 326
"../../../Engine/Content/Tutorial/Foliage/TutorialAssets/Foliage.uasset" 327
"../../../Engine/Content/Tutorial/Landscape/TutorialAssets/Landscape.uasset" 328
"../../../Engine/Content/Tutorial/Paper2D/TutorialAssets/Paper2DFlipbook_TutorialIcon.uasset" 329
"../../../Engine/Content/Tutorial/Paper2D/TutorialAssets/Paper2DSprite_TutorialIcon.uasset" 330
"../../../Engine/Content/Tutorial/SubEditors/TutorialAssets/icon_Editor_Preferences_General_40x.uasset" 331
"../../../Engine/Content/Tutorial/SubEditors/TutorialAssets/icon_ShowSkeletalMeshes_40x.uasset" 332
"../../../Engine/Content/Tutorial/SubEditors/TutorialAssets/TutorialMaterial.uasset" 333
"../../../Engine/Content/Tutorial/SubEditors/TutorialAssets/T_SmokeSubUV_8X8.uasset" 334
"../../../Engine/Content/Tutorial/SubEditors/TutorialAssets/T_soft_smoke.uasset" 335
"../../../Engine/Content/Tutorial/SubEditors/TutorialAssets/M_smoke_subUV_blackbody.uasset" 336
"../../../Engine/Content/Tutorial/SubEditors/TutorialAssets/TutorialParticleSystem.uasset" 337
"../../../Engine/Content/EditorMeshes/EditorCube.uasset" 338
"../../../Engine/Content/Tutorial/SubEditors/TutorialAssets/Tutorial_DM.uasset" 339
"../../../MobileTest/Content/Menus/WinMenu/NextLevel.uasset" 340
"../../../MobileTest/Content/Menus/WinMenu/NextLevel_H.uasset" 341
"../../../MobileTest/Content/Menus/WinMenu/YouWin.uasset" 342
"../../../MobileTest/Content/Menus/WinMenu/TutorialWin.uasset" 343
"../../../MobileTest/Content/Menus/WinMenu/WinMenu.uasset" 344
"../../../MobileTest/Content/Levels/Goal/FinishZone.uasset" 345
"../../../MobileTest/Content/Levels/Floors/DynamicFloor/TileFloor_BlueSlippery.uasset" 346
"../../../MobileTest/Content/Levels/Floors/Materials/TileFloor_Blue_Inst.uasset" 347
"../../../MobileTest/Content/Levels/11-20/Level15.umap" 348
"../../../MobileTest/Content/Levels/11-20/Level18.umap" 349
"../../../MobileTest/Content/Enemies/EQS_Test.uasset" 350
"../../../MobileTest/Content/Levels/Floors/Materials/TileFloor_Room1.uasset" 351
"../../../MobileTest/Content/Levels/Floors/Materials/Room_1.uasset" 352
"../../../MobileTest/Content/Levels/0-10/Level5.umap" 353
"../../../MobileTest/Content/Levels/0-10/Level2.umap" 354
"../../../MobileTest/Content/Levels/Floors/Materials/TileFloor_Room2.uasset" 355
"../../../MobileTest/Content/Levels/Floors/Materials/TileFloor_Room3.uasset" 356
"../../../MobileTest/Content/Levels/Floors/Materials/TileFloor_Room4.uasset" 357
"../../../MobileTest/Content/Levels/Miscellaneous/GoalRamp.uasset" 358
"../../../MobileTest/Content/Levels/11-20/Level12.umap" 359
"../../../MobileTest/Content/Levels/0-10/Level1.umap" 360
"../../../Engine/Content/EngineMaterials/DefaultNormal.uasset" 361
"../../../Engine/Content/Maps/Entry.umap" 362
"../../../MobileTest/Content/Blueprints/Default.uasset" 363
"../../../MobileTest/Content/Movies/MarchInCMinor.uasset" 364
"../../../MobileTest/Content/Levels/0-10/Main.umap" 365
"../../../MobileTest/Content/Levels/Floors/Materials/TileFloor_Reds.uasset" 366
"../../../MobileTest/Content/Enemies/RedEnemy/EnemySpawn.uasset" 367
"../../../Engine/Content/EngineSky/C_Sky_Cloud_Color.uasset" 368
"../../../Engine/Content/EngineSky/C_Sky_Horizon_Color.uasset" 369
"../../../Engine/Content/EngineSky/C_Sky_Zenith_Color.uasset" 370
"../../../Engine/Content/EngineSky/T_Sky_Blue.uasset" 371
"../../../Engine/Content/EngineSky/T_Sky_Clouds_M.uasset" 372
"../../../Engine/Content/EngineSky/T_Sky_Stars.uasset" 373
"../../../Engine/Content/EngineSky/M_Sky_Panning_Clouds2.uasset" 374
"../../../Engine/Content/EngineSky/SM_SkySphere.uasset" 375
"../../../Engine/Content/EngineSky/BP_Sky_Sphere.uasset" 376
"../../../MobileTest/Content/Enemies/WallLaser/WallLaserLaser.uasset" 377
"../../../MobileTest/Content/Enemies/WallLaser/WallLaser_Mat_Inst.uasset" 378
"../../../MobileTest/Content/Enemies/LaserEnemy/DeepLaserSound.uasset" 379
"../../../MobileTest/Content/Enemies/WallLaser/GLow3.uasset" 380
"../../../MobileTest/Content/Enemies/WallLaser/WallLaser_B.uasset" 381
"../../../MobileTest/Content/Levels/Goal/M_FinishField.uasset" 382
"../../../MobileTest/Content/Levels/Goal/FinishField.uasset" 383
"../../../MobileTest/Content/Levels/Goal/FinishField_NoField.uasset" 384
"../../../MobileTest/Content/Levels/Floors/DynamicFloor/TestFloor.uasset" 385
"../../../MobileTest/Content/Levels/Floors/Materials/TileFloor_WhiteBlue.uasset" 386
"../../../MobileTest/Content/Levels/21-30/Level30.umap" 387
"../../../MobileTest/Content/Levels/Floors/Materials/TileFloor_PurpleInst.uasset" 388
"../../../MobileTest/Content/Levels/0-10/Level7.umap" 389
"../../../MobileTest/Content/Levels/Miscellaneous/4x4_MovingPlatform.uasset" 390
"../../../MobileTest/Content/Levels/0-10/Level9.umap" 391
"../../../MobileTest/Content/Levels/11-20/level16.umap" 392
"../../../MobileTest/Content/Levels/11-20/Level17.umap" 393
"../../../MobileTest/Content/Levels/11-20/Level14.umap" 394
"../../../MobileTest/Content/Levels/0-10/Level4.umap" 395
"../../../MobileTest/Content/Levels/0-10/Level3.umap" 396
"../../../MobileTest/Content/Levels/0-10/Level8.umap" 397
"../../../MobileTest/Content/Levels/0-10/Tutorial.umap" 398
"../../../MobileTest/Content/Levels/0-10/Level6.umap" 399
"../../../MobileTest/Content/Enemies/WallLaser/WallLaser.uasset" 400
"../../../MobileTest/Content/Levels/11-20/Level19.umap" 401
"../../../MobileTest/Content/Levels/11-20/Level20.umap" 402
"../../../MobileTest/Content/Geometry/Materials/Walls.uasset" 403
"../../../MobileTest/Content/Geometry/Materials/White.uasset" 404
"../../../MobileTest/Content/Levels/11-20/Level13.umap" 405
"../../../MobileTest/Content/Levels/0-10/Level10.umap" 406
"../../../MobileTest/Content/Levels/11-20/Level11.umap" 407
